<?xml version="1.0" encoding="UTF-8"?>
<!-- Generated by org.testng.reporters.JUnitReportReporter -->
<testsuite hostname="DESKTOP-AB6BR8M" failures="0" tests="1" name="com.ShoppersStack_TestScripts.TC_002_verify_user_is_able_to_delete_address_or_not" time="16.088" errors="0" timestamp="2025-03-29T08:33:50 IST" skipped="0">
  <testcase classname="com.ShoppersStack_TestScripts.TC_002_verify_user_is_able_to_delete_address_or_not" name="deleteAddress" time="16.088"/>
</testsuite> <!-- com.ShoppersStack_TestScripts.TC_002_verify_user_is_able_to_delete_address_or_not -->
